<?xml version="1.0" encoding="UTF-8"?>
<testsuite name="gremlins.TileGridTest" tests="8" skipped="0" failures="0" errors="0" timestamp="2022-10-28T23:39:46" hostname="Aks-MacBook-Air.local" time="0.004">
  <properties/>
  <testcase name="constructorTest()" classname="gremlins.TileGridTest" time="0.0"/>
  <testcase name="respawnLocationTest()" classname="gremlins.TileGridTest" time="0.0"/>
  <testcase name="getAndSetTest()" classname="gremlins.TileGridTest" time="0.0"/>
  <testcase name="withinRangeTest()" classname="gremlins.TileGridTest" time="0.0"/>
  <testcase name="getYLengthTest()" classname="gremlins.TileGridTest" time="0.001"/>
  <testcase name="withinTenSpacesTest()" classname="gremlins.TileGridTest" time="0.0"/>
  <testcase name="getXLengthTest()" classname="gremlins.TileGridTest" time="0.001"/>
  <testcase name="vacantPositionsAwayFromPlayerTest()" classname="gremlins.TileGridTest" time="0.0"/>
  <system-out><![CDATA[]]></system-out>
  <system-err><![CDATA[]]></system-err>
</testsuite>
