<?xml version="1.0" encoding="UTF-8"?>
<testsuite name="gremlins.PowerUpTileTest" tests="3" skipped="0" failures="0" errors="0" timestamp="2022-10-28T23:39:46" hostname="Aks-MacBook-Air.local" time="0.002">
  <properties/>
  <testcase name="activatePowerupTest()" classname="gremlins.PowerUpTileTest" time="0.0"/>
  <testcase name="deactivatePowerupTest()" classname="gremlins.PowerUpTileTest" time="0.0"/>
  <testcase name="tickTest()" classname="gremlins.PowerUpTileTest" time="0.001"/>
  <system-out><![CDATA[]]></system-out>
  <system-err><![CDATA[]]></system-err>
</testsuite>
