<?xml version="1.0" encoding="UTF-8"?>
<testsuite name="gremlins.SampleTest" tests="1" skipped="0" failures="0" errors="0" timestamp="2022-10-28T23:39:46" hostname="Aks-MacBook-Air.local" time="0.001">
  <properties/>
  <testcase name="simpleTest()" classname="gremlins.SampleTest" time="0.001"/>
  <system-out><![CDATA[]]></system-out>
  <system-err><![CDATA[]]></system-err>
</testsuite>
