<?xml version="1.0" encoding="UTF-8"?>
<testsuite name="gremlins.DestroyedWallTest" tests="3" skipped="0" failures="0" errors="0" timestamp="2022-10-28T23:39:46" hostname="Aks-MacBook-Air.local" time="0.006">
  <properties/>
  <testcase name="constructorTest()" classname="gremlins.DestroyedWallTest" time="0.004"/>
  <testcase name="isFullyDestroyedTest()" classname="gremlins.DestroyedWallTest" time="0.001"/>
  <testcase name="tickTest()" classname="gremlins.DestroyedWallTest" time="0.001"/>
  <system-out><![CDATA[]]></system-out>
  <system-err><![CDATA[]]></system-err>
</testsuite>
