<?xml version="1.0" encoding="UTF-8"?>
<testsuite name="gremlins.SlimeBallTest" tests="7" skipped="0" failures="0" errors="0" timestamp="2022-10-28T23:39:46" hostname="Aks-MacBook-Air.local" time="0.003">
  <properties/>
  <testcase name="constructorTest()" classname="gremlins.SlimeBallTest" time="0.0"/>
  <testcase name="speedTest()" classname="gremlins.SlimeBallTest" time="0.0"/>
  <testcase name="movingIntoWallTest()" classname="gremlins.SlimeBallTest" time="0.0"/>
  <testcase name="getCoordsTest()" classname="gremlins.SlimeBallTest" time="0.0"/>
  <testcase name="tickTest()" classname="gremlins.SlimeBallTest" time="0.0"/>
  <testcase name="getXTest()" classname="gremlins.SlimeBallTest" time="0.001"/>
  <testcase name="getYTest()" classname="gremlins.SlimeBallTest" time="0.0"/>
  <system-out><![CDATA[]]></system-out>
  <system-err><![CDATA[]]></system-err>
</testsuite>
